<?xml version="1.0" encoding="UTF-8"?>
<!-- Generated by org.testng.reporters.JUnitReportReporter -->
<testsuite hostname="JB" failures="0" tests="1" name="Example.Launch" time="4.420" errors="0" timestamp="2024-02-27T08:00:10 IST" skipped="0">
  <testcase classname="Example.Launch" name="browserlaunch" time="4.420"/>
</testsuite> <!-- Example.Launch -->
